1491311628248	geckodriver	INFO	Listening on 127.0.0.1:58602
1491311629350	mozprofile::profile	INFO	Using profile path /tmp/rust_mozprofile.QjmFTp6mYGxs
1491311629352	geckodriver::marionette	INFO	Starting browser /usr/bin/firefox with args []
1491311629354	geckodriver::marionette	INFO	Connecting to Marionette on localhost:46136
1491311629807	Marionette	INFO	Listening on port 46136
1491311664301	geckodriver	INFO	Listening on 127.0.0.1:58693
1491311665378	mozprofile::profile	INFO	Using profile path /tmp/rust_mozprofile.HVWbDbLRWcT3
1491311665378	geckodriver::marionette	INFO	Starting browser /usr/bin/firefox with args []
1491311665380	geckodriver::marionette	INFO	Connecting to Marionette on localhost:39023
1491311665828	Marionette	INFO	Listening on port 39023
JavaScript warning: http://www.ikhwanweb.com/js/jquery13.js, line 2304: unreachable code after return statement
JavaScript warning: http://www.ikhwanweb.com/js/mootools.js, line 35: String.prototype.contains() is deprecated and will be removed in a future release; use String.prototype.includes() instead
JavaScript error: http://www.ikhwanweb.com/article.php?id=32799, line 411: ReferenceError: equalHeight is not defined
1491311970112	geckodriver	INFO	Listening on 127.0.0.1:56249
1491311971184	mozprofile::profile	INFO	Using profile path /tmp/rust_mozprofile.AgvqZeoF4r1S
1491311971185	geckodriver::marionette	INFO	Starting browser /usr/bin/firefox with args []
1491311971187	geckodriver::marionette	INFO	Connecting to Marionette on localhost:45285
1491311971639	Marionette	INFO	Listening on port 45285
JavaScript warning: http://www.ikhwanweb.com/js/jquery13.js, line 2304: unreachable code after return statement
JavaScript warning: http://www.ikhwanweb.com/js/mootools.js, line 35: String.prototype.contains() is deprecated and will be removed in a future release; use String.prototype.includes() instead
JavaScript error: http://www.ikhwanweb.com/article.php?id=32799, line 411: ReferenceError: equalHeight is not defined
1491311995826	geckodriver	INFO	Listening on 127.0.0.1:57594
1491311996867	mozprofile::profile	INFO	Using profile path /tmp/rust_mozprofile.ebAMQF7T3SDJ
1491311996867	geckodriver::marionette	INFO	Starting browser /usr/bin/firefox with args []
1491311996869	geckodriver::marionette	INFO	Connecting to Marionette on localhost:33115
1491311997318	Marionette	INFO	Listening on port 33115
JavaScript warning: http://www.ikhwanweb.com/js/jquery13.js, line 2304: unreachable code after return statement
JavaScript warning: http://www.ikhwanweb.com/js/mootools.js, line 35: String.prototype.contains() is deprecated and will be removed in a future release; use String.prototype.includes() instead
JavaScript error: http://www.ikhwanweb.com/article.php?id=32799, line 411: ReferenceError: equalHeight is not defined
1491312905425	geckodriver	INFO	Listening on 127.0.0.1:50181
1491312906466	mozprofile::profile	INFO	Using profile path /tmp/rust_mozprofile.nOKGHmQrbTb0
1491312906466	geckodriver::marionette	INFO	Starting browser /usr/bin/firefox with args []
1491312906468	geckodriver::marionette	INFO	Connecting to Marionette on localhost:34979
1491312906910	Marionette	INFO	Listening on port 34979
JavaScript warning: http://www.ikhwanweb.com/js/jquery13.js, line 2304: unreachable code after return statement
JavaScript warning: http://www.ikhwanweb.com/js/mootools.js, line 35: String.prototype.contains() is deprecated and will be removed in a future release; use String.prototype.includes() instead
JavaScript error: http://www.ikhwanweb.com/article.php?id=32799, line 411: ReferenceError: equalHeight is not defined
1491313071823	geckodriver	INFO	Listening on 127.0.0.1:36966
1491313072863	mozprofile::profile	INFO	Using profile path /tmp/rust_mozprofile.0LE4ibUL7u7d
1491313072864	geckodriver::marionette	INFO	Starting browser /usr/bin/firefox with args []
1491313072866	geckodriver::marionette	INFO	Connecting to Marionette on localhost:42204
1491313073338	Marionette	INFO	Listening on port 42204
JavaScript warning: http://www.ikhwanweb.com/js/jquery13.js, line 2304: unreachable code after return statement
JavaScript warning: http://www.ikhwanweb.com/js/mootools.js, line 35: String.prototype.contains() is deprecated and will be removed in a future release; use String.prototype.includes() instead
JavaScript error: http://www.ikhwanweb.com/article.php?id=32799, line 411: ReferenceError: equalHeight is not defined
1491313128051	geckodriver	INFO	Listening on 127.0.0.1:43202
1491313129094	mozprofile::profile	INFO	Using profile path /tmp/rust_mozprofile.HK8QxduTD52t
1491313129094	geckodriver::marionette	INFO	Starting browser /usr/bin/firefox with args []
1491313129096	geckodriver::marionette	INFO	Connecting to Marionette on localhost:35927
1491313129547	Marionette	INFO	Listening on port 35927
JavaScript warning: http://www.ikhwanweb.com/js/jquery13.js, line 2304: unreachable code after return statement
JavaScript warning: http://www.ikhwanweb.com/js/mootools.js, line 35: String.prototype.contains() is deprecated and will be removed in a future release; use String.prototype.includes() instead
1491313200582	geckodriver	INFO	Listening on 127.0.0.1:47672
1491313201631	mozprofile::profile	INFO	Using profile path /tmp/rust_mozprofile.cSU2Ak5XSZIS
1491313201632	geckodriver::marionette	INFO	Starting browser /usr/bin/firefox with args []
1491313201633	geckodriver::marionette	INFO	Connecting to Marionette on localhost:42505
1491313202065	Marionette	INFO	Listening on port 42505
JavaScript warning: http://www.ikhwanweb.com/js/jquery13.js, line 2304: unreachable code after return statement
JavaScript warning: http://www.ikhwanweb.com/js/mootools.js, line 35: String.prototype.contains() is deprecated and will be removed in a future release; use String.prototype.includes() instead
1491313277299	geckodriver	INFO	Listening on 127.0.0.1:38008
1491313278344	mozprofile::profile	INFO	Using profile path /tmp/rust_mozprofile.8n4jNwsa793k
1491313278345	geckodriver::marionette	INFO	Starting browser /usr/bin/firefox with args []
1491313278347	geckodriver::marionette	INFO	Connecting to Marionette on localhost:39704
1491313278787	Marionette	INFO	Listening on port 39704
1491313301555	geckodriver	INFO	Listening on 127.0.0.1:47265
1491313302596	mozprofile::profile	INFO	Using profile path /tmp/rust_mozprofile.PpiQYF4EnUxd
1491313302597	geckodriver::marionette	INFO	Starting browser /usr/bin/firefox with args []
1491313302599	geckodriver::marionette	INFO	Connecting to Marionette on localhost:41893
1491313303076	Marionette	INFO	Listening on port 41893
JavaScript warning: http://www.ikhwanweb.com/js/jquery13.js, line 2304: unreachable code after return statement
JavaScript warning: http://www.ikhwanweb.com/js/mootools.js, line 35: String.prototype.contains() is deprecated and will be removed in a future release; use String.prototype.includes() instead
JavaScript error: http://www.ikhwanweb.com/article.php?id=32799, line 411: ReferenceError: equalHeight is not defined
1491313836190	geckodriver	INFO	Listening on 127.0.0.1:57894
1491313837265	mozprofile::profile	INFO	Using profile path /tmp/rust_mozprofile.KgxA1RPZ0IFm
1491313837266	geckodriver::marionette	INFO	Starting browser /usr/bin/firefox with args []
1491313837268	geckodriver::marionette	INFO	Connecting to Marionette on localhost:42009
1491313837707	Marionette	INFO	Listening on port 42009
JavaScript warning: http://www.ikhwanweb.com/js/jquery13.js, line 2304: unreachable code after return statement
JavaScript warning: http://www.ikhwanweb.com/js/mootools.js, line 35: String.prototype.contains() is deprecated and will be removed in a future release; use String.prototype.includes() instead
JavaScript error: http://www.ikhwanweb.com/article.php?id=32799, line 411: ReferenceError: equalHeight is not defined
1491313868751	geckodriver	INFO	Listening on 127.0.0.1:33091
1491313869791	mozprofile::profile	INFO	Using profile path /tmp/rust_mozprofile.SMZDIiTREflZ
1491313869792	geckodriver::marionette	INFO	Starting browser /usr/bin/firefox with args []
1491313869794	geckodriver::marionette	INFO	Connecting to Marionette on localhost:46341
1491313870267	Marionette	INFO	Listening on port 46341
JavaScript warning: http://www.ikhwanweb.com/js/jquery13.js, line 2304: unreachable code after return statement
JavaScript warning: http://www.ikhwanweb.com/js/mootools.js, line 35: String.prototype.contains() is deprecated and will be removed in a future release; use String.prototype.includes() instead
JavaScript error: http://www.ikhwanweb.com/article.php?id=32799, line 411: ReferenceError: equalHeight is not defined
1491314107966	geckodriver	INFO	Listening on 127.0.0.1:58597
1491314109023	mozprofile::profile	INFO	Using profile path /tmp/rust_mozprofile.izL3X4foA2lG
1491314109023	geckodriver::marionette	INFO	Starting browser /usr/bin/firefox with args []
1491314109025	geckodriver::marionette	INFO	Connecting to Marionette on localhost:43015
1491314109465	Marionette	INFO	Listening on port 43015
JavaScript warning: http://www.ikhwanweb.com/js/jquery13.js, line 2304: unreachable code after return statement
JavaScript warning: http://www.ikhwanweb.com/js/mootools.js, line 35: String.prototype.contains() is deprecated and will be removed in a future release; use String.prototype.includes() instead
JavaScript error: http://www.ikhwanweb.com/article.php?id=32799, line 411: ReferenceError: equalHeight is not defined
1491314209153	geckodriver	INFO	Listening on 127.0.0.1:50268
1491314210198	mozprofile::profile	INFO	Using profile path /tmp/rust_mozprofile.3Gflla1YrrqU
1491314210199	geckodriver::marionette	INFO	Starting browser /usr/bin/firefox with args []
1491314210201	geckodriver::marionette	INFO	Connecting to Marionette on localhost:40733
1491314210652	Marionette	INFO	Listening on port 40733
JavaScript warning: http://www.ikhwanweb.com/js/jquery13.js, line 2304: unreachable code after return statement
JavaScript warning: http://www.ikhwanweb.com/js/mootools.js, line 35: String.prototype.contains() is deprecated and will be removed in a future release; use String.prototype.includes() instead
JavaScript error: http://www.ikhwanweb.com/article.php?id=32799, line 411: ReferenceError: equalHeight is not defined
1491314248868	geckodriver	INFO	Listening on 127.0.0.1:33222
1491314249918	mozprofile::profile	INFO	Using profile path /tmp/rust_mozprofile.p9rkcGSGmEyj
1491314249918	geckodriver::marionette	INFO	Starting browser /usr/bin/firefox with args []
1491314249920	geckodriver::marionette	INFO	Connecting to Marionette on localhost:35859
1491314250368	Marionette	INFO	Listening on port 35859
JavaScript warning: http://www.ikhwanweb.com/js/jquery13.js, line 2304: unreachable code after return statement
JavaScript warning: http://www.ikhwanweb.com/js/mootools.js, line 35: String.prototype.contains() is deprecated and will be removed in a future release; use String.prototype.includes() instead
JavaScript error: http://www.ikhwanweb.com/article.php?id=32799, line 411: ReferenceError: equalHeight is not defined
1491314332915	geckodriver	INFO	Listening on 127.0.0.1:58940
1491314334010	mozprofile::profile	INFO	Using profile path /tmp/rust_mozprofile.E13KlDNVJVvq
1491314334010	geckodriver::marionette	INFO	Starting browser /usr/bin/firefox with args []
1491314334013	geckodriver::marionette	INFO	Connecting to Marionette on localhost:46410
1491314334452	Marionette	INFO	Listening on port 46410
JavaScript warning: http://www.ikhwanweb.com/js/jquery13.js, line 2304: unreachable code after return statement
JavaScript warning: http://www.ikhwanweb.com/js/mootools.js, line 35: String.prototype.contains() is deprecated and will be removed in a future release; use String.prototype.includes() instead
JavaScript error: http://www.ikhwanweb.com/article.php?id=32799, line 411: ReferenceError: equalHeight is not defined
1491314538312	geckodriver	INFO	Listening on 127.0.0.1:56650
1491314539352	mozprofile::profile	INFO	Using profile path /tmp/rust_mozprofile.jDOhl1X3EXqL
1491314539352	geckodriver::marionette	INFO	Starting browser /usr/bin/firefox with args []
1491314539354	geckodriver::marionette	INFO	Connecting to Marionette on localhost:35348
1491314539794	Marionette	INFO	Listening on port 35348
JavaScript warning: http://www.ikhwanweb.com/js/jquery13.js, line 2304: unreachable code after return statement
JavaScript warning: http://www.ikhwanweb.com/js/mootools.js, line 35: String.prototype.contains() is deprecated and will be removed in a future release; use String.prototype.includes() instead
JavaScript error: http://www.ikhwanweb.com/article.php?id=32799, line 411: ReferenceError: equalHeight is not defined
1491314558929	geckodriver	INFO	Listening on 127.0.0.1:53771
1491314559970	mozprofile::profile	INFO	Using profile path /tmp/rust_mozprofile.O6H5KZ8h3kZA
1491314559971	geckodriver::marionette	INFO	Starting browser /usr/bin/firefox with args []
1491314559973	geckodriver::marionette	INFO	Connecting to Marionette on localhost:45045
1491314560457	Marionette	INFO	Listening on port 45045
JavaScript warning: http://www.ikhwanweb.com/js/jquery13.js, line 2304: unreachable code after return statement
JavaScript warning: http://www.ikhwanweb.com/js/mootools.js, line 35: String.prototype.contains() is deprecated and will be removed in a future release; use String.prototype.includes() instead
JavaScript error: http://www.ikhwanweb.com/article.php?id=32799, line 411: ReferenceError: equalHeight is not defined
1491315212360	geckodriver	INFO	Listening on 127.0.0.1:58059
1491315213408	mozprofile::profile	INFO	Using profile path /tmp/rust_mozprofile.8ywzdLPZ0kWG
1491315213409	geckodriver::marionette	INFO	Starting browser /usr/bin/firefox with args []
1491315213411	geckodriver::marionette	INFO	Connecting to Marionette on localhost:37452
1491315213850	Marionette	INFO	Listening on port 37452
JavaScript warning: http://www.ikhwanweb.com/js/jquery13.js, line 2304: unreachable code after return statement
JavaScript warning: http://www.ikhwanweb.com/js/mootools.js, line 35: String.prototype.contains() is deprecated and will be removed in a future release; use String.prototype.includes() instead
JavaScript error: http://www.ikhwanweb.com/article.php?id=32799, line 411: ReferenceError: equalHeight is not defined
1491315282749	geckodriver	INFO	Listening on 127.0.0.1:39964
1491315283796	mozprofile::profile	INFO	Using profile path /tmp/rust_mozprofile.vWIM8eYaHbFa
1491315283797	geckodriver::marionette	INFO	Starting browser /usr/bin/firefox with args []
1491315283799	geckodriver::marionette	INFO	Connecting to Marionette on localhost:44579
1491315284242	Marionette	INFO	Listening on port 44579
JavaScript warning: http://www.ikhwanweb.com/js/jquery13.js, line 2304: unreachable code after return statement
JavaScript warning: http://www.ikhwanweb.com/js/mootools.js, line 35: String.prototype.contains() is deprecated and will be removed in a future release; use String.prototype.includes() instead
JavaScript error: http://www.ikhwanweb.com/article.php?id=32799, line 411: ReferenceError: equalHeight is not defined
1491315356193	geckodriver	INFO	Listening on 127.0.0.1:36169
1491315357262	mozprofile::profile	INFO	Using profile path /tmp/rust_mozprofile.VcgM79zlPSog
1491315357263	geckodriver::marionette	INFO	Starting browser /usr/bin/firefox with args []
1491315357265	geckodriver::marionette	INFO	Connecting to Marionette on localhost:35178
1491315357704	Marionette	INFO	Listening on port 35178
1491315404027	geckodriver	INFO	Listening on 127.0.0.1:35693
1491315405068	mozprofile::profile	INFO	Using profile path /tmp/rust_mozprofile.MrygDdoZewqr
1491315405069	geckodriver::marionette	INFO	Starting browser /usr/bin/firefox with args []
1491315405070	geckodriver::marionette	INFO	Connecting to Marionette on localhost:36982
1491315405533	Marionette	INFO	Listening on port 36982
1491315436740	geckodriver	INFO	Listening on 127.0.0.1:54601
1491315437781	mozprofile::profile	INFO	Using profile path /tmp/rust_mozprofile.iZROAZmkFVTC
1491315437782	geckodriver::marionette	INFO	Starting browser /usr/bin/firefox with args []
1491315437784	geckodriver::marionette	INFO	Connecting to Marionette on localhost:45878
1491315438259	Marionette	INFO	Listening on port 45878
1491315495880	geckodriver	INFO	Listening on 127.0.0.1:36446
1491315496952	mozprofile::profile	INFO	Using profile path /tmp/rust_mozprofile.8b0wsIv6JiQr
1491315496953	geckodriver::marionette	INFO	Starting browser /usr/bin/firefox with args []
1491315496955	geckodriver::marionette	INFO	Connecting to Marionette on localhost:34928
1491315497412	Marionette	INFO	Listening on port 34928
1491315522637	geckodriver	INFO	Listening on 127.0.0.1:53278
1491315523681	mozprofile::profile	INFO	Using profile path /tmp/rust_mozprofile.fEW7873rO3bw
1491315523682	geckodriver::marionette	INFO	Starting browser /usr/bin/firefox with args []
1491315523684	geckodriver::marionette	INFO	Connecting to Marionette on localhost:36187
1491315524133	Marionette	INFO	Listening on port 36187
1491315580651	geckodriver	INFO	Listening on 127.0.0.1:47421
1491315581688	mozprofile::profile	INFO	Using profile path /tmp/rust_mozprofile.6kB3BTJ28eX3
1491315581688	geckodriver::marionette	INFO	Starting browser /usr/bin/firefox with args []
1491315581690	geckodriver::marionette	INFO	Connecting to Marionette on localhost:42966
1491315582139	Marionette	INFO	Listening on port 42966
1491311982795	geckodriver	INFO	Listening on 127.0.0.1:55278
1491311983842	mozprofile::profile	INFO	Using profile path /tmp/rust_mozprofile.W7F8oXbEOfvb
1491311983843	geckodriver::marionette	INFO	Starting browser /usr/bin/firefox with args []
1491311983845	geckodriver::marionette	INFO	Connecting to Marionette on localhost:38968
1491311984390	Marionette	INFO	Listening on port 38968
JavaScript warning: http://www.ikhwanweb.com/js/jquery13.js, line 2304: unreachable code after return statement
JavaScript warning: http://www.ikhwanweb.com/js/mootools.js, line 35: String.prototype.contains() is deprecated and will be removed in a future release; use String.prototype.includes() instead
1491312126859	geckodriver	INFO	Listening on 127.0.0.1:60435
1491312126905	mozprofile::profile	INFO	Using profile path /tmp/rust_mozprofile.BSL9DwSB6K7F
1491312126905	geckodriver::marionette	INFO	Starting browser /usr/bin/firefox with args []
1491312126907	geckodriver::marionette	INFO	Connecting to Marionette on localhost:46740
1491312127356	Marionette	INFO	Listening on port 46740
JavaScript warning: http://www.ikhwanweb.com/js/jquery13.js, line 2304: unreachable code after return statement
JavaScript warning: http://www.ikhwanweb.com/js/mootools.js, line 35: String.prototype.contains() is deprecated and will be removed in a future release; use String.prototype.includes() instead
JavaScript error: http://www.ikhwanweb.com/article.php?id=32799, line 411: ReferenceError: equalHeight is not defined
1491312183115	geckodriver	INFO	Listening on 127.0.0.1:52688
1491312184165	mozprofile::profile	INFO	Using profile path /tmp/rust_mozprofile.XPKzzFSZhJwP
1491312184165	geckodriver::marionette	INFO	Starting browser /usr/bin/firefox with args []
1491312184167	geckodriver::marionette	INFO	Connecting to Marionette on localhost:38533
1491312184616	Marionette	INFO	Listening on port 38533
JavaScript warning: http://www.ikhwanweb.com/js/jquery13.js, line 2304: unreachable code after return statement
JavaScript warning: http://www.ikhwanweb.com/js/mootools.js, line 35: String.prototype.contains() is deprecated and will be removed in a future release; use String.prototype.includes() instead
JavaScript error: http://www.ikhwanweb.com/article.php?id=32799, line 411: ReferenceError: equalHeight is not defined
1491313579091	geckodriver	INFO	Listening on 127.0.0.1:60134
1491313580131	mozprofile::profile	INFO	Using profile path /tmp/rust_mozprofile.vAT9cYKRU1jd
1491313580132	geckodriver::marionette	INFO	Starting browser /usr/bin/firefox with args []
1491313580134	geckodriver::marionette	INFO	Connecting to Marionette on localhost:36659
1491313580673	Marionette	INFO	Listening on port 36659
JavaScript warning: http://www.ikhwanweb.com/js/jquery13.js, line 2304: unreachable code after return statement
JavaScript warning: http://www.ikhwanweb.com/js/mootools.js, line 35: String.prototype.contains() is deprecated and will be removed in a future release; use String.prototype.includes() instead
JavaScript error: http://www.ikhwanweb.com/article.php?id=32799, line 411: ReferenceError: equalHeight is not defined
